<?xml version="1.0" encoding="UTF-8"?>
<!-- Generated by org.testng.reporters.JUnitReportReporter -->
<testsuite skipped="0" name="scripts.AddToCartTest" tests="1" failures="0" timestamp="13 Oct 2018 05:00:48 GMT" time="69.183" errors="0">
  <testcase name="addToCart" time="69.183" classname="scripts.AddToCartTest"/>
</testsuite> <!-- scripts.AddToCartTest -->
