<?xml version="1.0" encoding="UTF-8"?>
<!-- Generated by org.testng.reporters.JUnitReportReporter -->
<testsuite skipped="0" name="scripts.LivingTest" tests="1" failures="0" timestamp="15 Oct 2018 04:57:09 GMT" time="97.694" errors="0">
  <testcase name="livingCompare" time="97.694" classname="scripts.LivingTest"/>
</testsuite> <!-- scripts.LivingTest -->
