<?xml version="1.0" encoding="UTF-8"?>
<!-- Generated by org.testng.reporters.JUnitReportReporter -->
<testsuite skipped="0" name="scripts.DeliveryDateTest" tests="1" failures="0" timestamp="15 Oct 2018 11:46:57 GMT" time="109.729" errors="0">
  <testcase name="Delivery" time="109.729" classname="scripts.DeliveryDateTest"/>
</testsuite> <!-- scripts.DeliveryDateTest -->
