<?xml version="1.0" encoding="UTF-8"?>
<!-- Generated by org.testng.reporters.JUnitReportReporter -->
<testsuite skipped="0" hostname="QSP-015" name="scripts.AddNRemoveCompareTest" tests="1" failures="0" timestamp="15 Oct 2018 09:16:15 GMT" time="84.298" errors="0">
  <testcase name="addToCompare" time="84.298" classname="scripts.AddNRemoveCompareTest"/>
</testsuite> <!-- scripts.AddNRemoveCompareTest -->
