<?xml version="1.0" encoding="UTF-8"?>
<!-- Generated by org.testng.reporters.JUnitReportReporter -->
<testsuite skipped="0" hostname="QSP-015" name="scripts.SearchTest" tests="1" failures="0" timestamp="15 Oct 2018 10:52:40 GMT" time="71.700" errors="0">
  <testcase name="search" time="71.700" classname="scripts.SearchTest"/>
</testsuite> <!-- scripts.SearchTest -->
