<?xml version="1.0" encoding="UTF-8"?>
<!-- Generated by org.testng.reporters.JUnitReportReporter -->
<testsuite skipped="0" name="scripts.AddToCompareTest" tests="1" failures="0" timestamp="15 Oct 2018 07:24:47 GMT" time="84.911" errors="0">
  <testcase name="addToCompare" time="84.911" classname="scripts.AddToCompareTest"/>
</testsuite> <!-- scripts.AddToCompareTest -->
