<?xml version="1.0" encoding="UTF-8"?>
<!-- Generated by org.testng.reporters.JUnitReportReporter -->
<testsuite skipped="0" name="scripts.RemoveFromWishlistTest" tests="1" failures="0" timestamp="15 Oct 2018 08:21:56 GMT" time="116.872" errors="0">
  <testcase name="removewishList" time="116.872" classname="scripts.RemoveFromWishlistTest"/>
</testsuite> <!-- scripts.RemoveFromWishlistTest -->
