<?xml version="1.0" encoding="UTF-8"?>
<!-- Generated by org.testng.reporters.JUnitReportReporter -->
<testsuite skipped="0" name="scripts.GetPriceTest" tests="1" failures="0" timestamp="15 Oct 2018 11:02:10 GMT" time="91.152" errors="0">
  <testcase name="removeaddToCart" time="91.152" classname="scripts.GetPriceTest"/>
</testsuite> <!-- scripts.GetPriceTest -->
