<?xml version="1.0" encoding="UTF-8"?>
<!-- Generated by org.testng.reporters.JUnitReportReporter -->
<testsuite skipped="0" name="scripts.ModuleTest" tests="1" failures="0" timestamp="18 Oct 2018 10:01:54 GMT" time="47.065" errors="0">
  <testcase name="module" time="47.065" classname="scripts.ModuleTest"/>
</testsuite> <!-- scripts.ModuleTest -->
